<?xml version="1.0" encoding="UTF-8"?>
<testng-results skipped="0" failed="0" ignored="0" total="1" passed="1">
  <reporter-output>
  </reporter-output>
  <suite name="Suite" duration-ms="35652" started-at="2020-01-07T03:54:58Z" finished-at="2020-01-07T03:55:34Z">
    <groups>
    </groups>
    <test name="Test" duration-ms="35652" started-at="2020-01-07T03:54:58Z" finished-at="2020-01-07T03:55:34Z">
      <class name="firstDemo.NewTest">
        <test-method status="PASS" signature="beforeTest()[pri:0, instance:firstDemo.NewTest@5b0abc94]" name="beforeTest" is-config="true" duration-ms="16523" started-at="2020-01-07T03:54:58Z" finished-at="2020-01-07T03:55:15Z">
          <reporter-output>
          </reporter-output>
        </test-method> <!-- beforeTest -->
        <test-method status="PASS" signature="testEasy()[pri:0, instance:firstDemo.NewTest@5b0abc94]" name="testEasy" duration-ms="15070" started-at="2020-01-07T03:55:15Z" finished-at="2020-01-07T03:55:30Z">
          <reporter-output>
          </reporter-output>
        </test-method> <!-- testEasy -->
        <test-method status="PASS" signature="afterTest()[pri:0, instance:firstDemo.NewTest@5b0abc94]" name="afterTest" is-config="true" duration-ms="3517" started-at="2020-01-07T03:55:30Z" finished-at="2020-01-07T03:55:34Z">
          <reporter-output>
          </reporter-output>
        </test-method> <!-- afterTest -->
      </class> <!-- firstDemo.NewTest -->
    </test> <!-- Test -->
  </suite> <!-- Suite -->
</testng-results>
