<?xml version="1.0" encoding="UTF-8"?>
<testng-results skipped="0" failed="0" ignored="0" total="2" passed="2">
  <reporter-output>
  </reporter-output>
  <suite name="Default suite" duration-ms="19074" started-at="2020-02-14T04:31:37Z" finished-at="2020-02-14T04:31:57Z">
    <groups>
    </groups>
    <test name="Default test" duration-ms="19074" started-at="2020-02-14T04:31:37Z" finished-at="2020-02-14T04:31:57Z">
      <class name="firstDemo.New2Test">
        <test-method status="PASS" signature="beforeTest()[pri:0, instance:firstDemo.New2Test@28d25987]" name="beforeTest" is-config="true" duration-ms="8479" started-at="2020-02-14T04:31:37Z" finished-at="2020-02-14T04:31:46Z">
          <reporter-output>
          </reporter-output>
        </test-method> <!-- beforeTest -->
        <test-method status="PASS" signature="disp()[pri:0, instance:firstDemo.New2Test@28d25987]" name="disp" duration-ms="20" started-at="2020-02-14T04:31:46Z" finished-at="2020-02-14T04:31:46Z">
          <reporter-output>
          </reporter-output>
        </test-method> <!-- disp -->
        <test-method status="PASS" signature="testEasy()[pri:0, instance:firstDemo.New2Test@28d25987]" name="testEasy" duration-ms="8307" started-at="2020-02-14T04:31:46Z" finished-at="2020-02-14T04:31:54Z">
          <reporter-output>
          </reporter-output>
        </test-method> <!-- testEasy -->
        <test-method status="PASS" signature="afterTest()[pri:0, instance:firstDemo.New2Test@28d25987]" name="afterTest" is-config="true" duration-ms="2180" started-at="2020-02-14T04:31:54Z" finished-at="2020-02-14T04:31:57Z">
          <reporter-output>
          </reporter-output>
        </test-method> <!-- afterTest -->
      </class> <!-- firstDemo.New2Test -->
    </test> <!-- Default test -->
  </suite> <!-- Default suite -->
</testng-results>
